184  [Test worker] INFO  o.s.b.t.c.SpringBootTestContextBootstrapper – Neither @ContextConfiguration nor @ContextHierarchy found for test class [pr16.Services.ImplementsService.PostOfficeServiceTest], using SpringBootContextLoader
204  [Test worker] INFO  o.s.t.c.s.AbstractContextLoader – Could not detect default resource locations for test class [pr16.Services.ImplementsService.PostOfficeServiceTest]: no resource found for suffixes {-context.xml, Context.groovy}.
205  [Test worker] INFO  o.s.t.c.s.AnnotationConfigContextLoaderUtils – Could not detect default configuration classes for test class [pr16.Services.ImplementsService.PostOfficeServiceTest]: PostOfficeServiceTest does not declare any static, non-private, non-final, nested classes annotated with @Configuration.
337  [Test worker] INFO  o.s.b.t.c.SpringBootTestContextBootstrapper – Found @SpringBootConfiguration pr16.Pr16Application for test class pr16.Services.ImplementsService.PostOfficeServiceTest
427  [Test worker] INFO  o.s.b.t.c.SpringBootTestContextBootstrapper – Loaded default TestExecutionListener class names from location [META-INF/spring.factories]: [org.springframework.boot.test.autoconfigure.restdocs.RestDocsTestExecutionListener, org.springframework.boot.test.autoconfigure.web.client.MockRestServiceServerResetTestExecutionListener, org.springframework.boot.test.autoconfigure.web.servlet.MockMvcPrintOnlyOnFailureTestExecutionListener, org.springframework.boot.test.autoconfigure.web.servlet.WebDriverTestExecutionListener, org.springframework.boot.test.autoconfigure.webservices.client.MockWebServiceServerTestExecutionListener, org.springframework.boot.test.mock.mockito.MockitoTestExecutionListener, org.springframework.boot.test.mock.mockito.ResetMocksTestExecutionListener, org.springframework.test.context.web.ServletTestExecutionListener, org.springframework.test.context.support.DirtiesContextBeforeModesTestExecutionListener, org.springframework.test.context.event.ApplicationEventsTestExecutionListener, org.springframework.test.context.support.DependencyInjectionTestExecutionListener, org.springframework.test.context.support.DirtiesContextTestExecutionListener, org.springframework.test.context.transaction.TransactionalTestExecutionListener, org.springframework.test.context.jdbc.SqlScriptsTestExecutionListener, org.springframework.test.context.event.EventPublishingTestExecutionListener]
443  [Test worker] INFO  o.s.b.t.c.SpringBootTestContextBootstrapper – Using TestExecutionListeners: [org.springframework.test.context.web.ServletTestExecutionListener@5b69fd74, org.springframework.test.context.support.DirtiesContextBeforeModesTestExecutionListener@f325091, org.springframework.test.context.event.ApplicationEventsTestExecutionListener@437e951d, org.springframework.boot.test.mock.mockito.MockitoTestExecutionListener@77b325b3, org.springframework.boot.test.autoconfigure.SpringBootDependencyInjectionTestExecutionListener@63a5e46c, org.springframework.test.context.support.DirtiesContextTestExecutionListener@7e8e8651, org.springframework.test.context.transaction.TransactionalTestExecutionListener@49ef32e0, org.springframework.test.context.jdbc.SqlScriptsTestExecutionListener@271f18d3, org.springframework.test.context.event.EventPublishingTestExecutionListener@6bd51ed8, org.springframework.boot.test.autoconfigure.restdocs.RestDocsTestExecutionListener@61e3a1fd, org.springframework.boot.test.autoconfigure.web.client.MockRestServiceServerResetTestExecutionListener@51abf713, org.springframework.boot.test.autoconfigure.web.servlet.MockMvcPrintOnlyOnFailureTestExecutionListener@eadb475, org.springframework.boot.test.autoconfigure.web.servlet.WebDriverTestExecutionListener@4d4d48a6, org.springframework.boot.test.autoconfigure.webservices.client.MockWebServiceServerTestExecutionListener@315df4bb, org.springframework.boot.test.mock.mockito.ResetMocksTestExecutionListener@3fc08eec]
780  [Test worker] INFO  p.S.I.PostOfficeServiceTest – Starting PostOfficeServiceTest using Java 17.0.1 on DESKTOP-2M64KGF with PID 13668 (started by Nekit in C:\Users\Nekit\IdeaProjects\pr16)
781  [Test worker] INFO  p.S.I.PostOfficeServiceTest – No active profile set, falling back to 1 default profile: "default"
784  [background-preinit] INFO  o.h.validator.internal.util.Version – HV000001: Hibernate Validator 6.2.2.Final
1844 [Test worker] INFO  o.s.d.r.c.RepositoryConfigurationDelegate – Bootstrapping Spring Data JPA repositories in DEFAULT mode.
1928 [Test worker] INFO  o.s.d.r.c.RepositoryConfigurationDelegate – Finished Spring Data repository scanning in 74 ms. Found 3 JPA repository interfaces.
3262 [Test worker] INFO  o.h.jpa.internal.util.LogHelper – HHH000204: Processing PersistenceUnitInfo [name: default]
3405 [Test worker] INFO  org.hibernate.Version – HHH000412: Hibernate ORM core version 5.6.5.Final
3954 [Test worker] INFO  o.h.annotations.common.Version – HCANN000001: Hibernate Commons Annotations {5.1.2.Final}
4173 [Test worker] INFO  com.zaxxer.hikari.HikariDataSource – HikariPool-1 - Starting...
4522 [Test worker] INFO  com.zaxxer.hikari.HikariDataSource – HikariPool-1 - Start completed.
4540 [Test worker] INFO  org.hibernate.dialect.Dialect – HHH000400: Using dialect: org.hibernate.dialect.PostgreSQLDialect
5617 [Test worker] INFO  o.h.e.t.j.p.i.JtaPlatformInitiator – HHH000490: Using JtaPlatform implementation: [org.hibernate.engine.transaction.jta.platform.internal.NoJtaPlatform]
5624 [Test worker] INFO  o.s.o.j.LocalContainerEntityManagerFactoryBean – Initialized JPA EntityManagerFactory for persistence unit 'default'
5824 [Test worker] WARN  o.s.b.a.o.j.JpaBaseConfiguration$JpaWebConfiguration – spring.jpa.open-in-view is enabled by default. Therefore, database queries may be performed during view rendering. Explicitly configure spring.jpa.open-in-view to disable this warning
8083 [Test worker] INFO  o.s.b.a.s.s.UserDetailsServiceAutoConfiguration – 

Using generated security password: 5a99a6f8-33a2-410a-8ecf-9340b2e7d069

8251 [Test worker] INFO  o.s.s.w.DefaultSecurityFilterChain – Will not secure any request
8321 [Test worker] INFO  o.s.b.a.e.web.EndpointLinksResolver – Exposing 1 endpoint(s) beneath base path '/actuator'
8378 [Test worker] INFO  p.S.I.PostOfficeServiceTest – Started PostOfficeServiceTest in 7.884 seconds (JVM running for 9.266)
8713 [Test worker] DEBUG org.hibernate.SQL – select postoffice0_.id as id1_1_, postoffice0_.city_name as city_nam2_1_, postoffice0_.name as name3_1_ from jpa.post_office postoffice0_ where postoffice0_.city_name=?
8738 [Test worker] DEBUG org.hibernate.SQL – select nextval ('jpa.hibernate_sequence')
8771 [Test worker] DEBUG org.hibernate.SQL – insert into jpa.post_office (city_name, name, id) values (?, ?, ?)
8780 [Test worker] INFO  p.S.I.PostOfficeService – Post office added successfully
11169 [Test worker] INFO  pr16.Aspect.Aspect – addPostOffice executed in 2567 ms
11200 [SpringApplicationShutdownHook] INFO  o.s.o.j.LocalContainerEntityManagerFactoryBean – Closing JPA EntityManagerFactory for persistence unit 'default'
11203 [SpringApplicationShutdownHook] INFO  com.zaxxer.hikari.HikariDataSource – HikariPool-1 - Shutdown initiated...
11211 [SpringApplicationShutdownHook] INFO  com.zaxxer.hikari.HikariDataSource – HikariPool-1 - Shutdown completed.
167  [Test worker] INFO  o.s.b.t.c.SpringBootTestContextBootstrapper – Neither @ContextConfiguration nor @ContextHierarchy found for test class [pr16.Services.ImplementsService.PostOfficeServiceTest], using SpringBootContextLoader
174  [Test worker] INFO  o.s.t.c.s.AbstractContextLoader – Could not detect default resource locations for test class [pr16.Services.ImplementsService.PostOfficeServiceTest]: no resource found for suffixes {-context.xml, Context.groovy}.
176  [Test worker] INFO  o.s.t.c.s.AnnotationConfigContextLoaderUtils – Could not detect default configuration classes for test class [pr16.Services.ImplementsService.PostOfficeServiceTest]: PostOfficeServiceTest does not declare any static, non-private, non-final, nested classes annotated with @Configuration.
289  [Test worker] INFO  o.s.b.t.c.SpringBootTestContextBootstrapper – Found @SpringBootConfiguration pr16.Pr16Application for test class pr16.Services.ImplementsService.PostOfficeServiceTest
375  [Test worker] INFO  o.s.b.t.c.SpringBootTestContextBootstrapper – Loaded default TestExecutionListener class names from location [META-INF/spring.factories]: [org.springframework.boot.test.autoconfigure.restdocs.RestDocsTestExecutionListener, org.springframework.boot.test.autoconfigure.web.client.MockRestServiceServerResetTestExecutionListener, org.springframework.boot.test.autoconfigure.web.servlet.MockMvcPrintOnlyOnFailureTestExecutionListener, org.springframework.boot.test.autoconfigure.web.servlet.WebDriverTestExecutionListener, org.springframework.boot.test.autoconfigure.webservices.client.MockWebServiceServerTestExecutionListener, org.springframework.boot.test.mock.mockito.MockitoTestExecutionListener, org.springframework.boot.test.mock.mockito.ResetMocksTestExecutionListener, org.springframework.test.context.web.ServletTestExecutionListener, org.springframework.test.context.support.DirtiesContextBeforeModesTestExecutionListener, org.springframework.test.context.event.ApplicationEventsTestExecutionListener, org.springframework.test.context.support.DependencyInjectionTestExecutionListener, org.springframework.test.context.support.DirtiesContextTestExecutionListener, org.springframework.test.context.transaction.TransactionalTestExecutionListener, org.springframework.test.context.jdbc.SqlScriptsTestExecutionListener, org.springframework.test.context.event.EventPublishingTestExecutionListener]
388  [Test worker] INFO  o.s.b.t.c.SpringBootTestContextBootstrapper – Using TestExecutionListeners: [org.springframework.test.context.web.ServletTestExecutionListener@26f143ed, org.springframework.test.context.support.DirtiesContextBeforeModesTestExecutionListener@3c1e3314, org.springframework.test.context.event.ApplicationEventsTestExecutionListener@4b770e40, org.springframework.boot.test.mock.mockito.MockitoTestExecutionListener@78e16155, org.springframework.boot.test.autoconfigure.SpringBootDependencyInjectionTestExecutionListener@54a3ab8f, org.springframework.test.context.support.DirtiesContextTestExecutionListener@1968a49c, org.springframework.test.context.transaction.TransactionalTestExecutionListener@6a1ebcff, org.springframework.test.context.jdbc.SqlScriptsTestExecutionListener@19868320, org.springframework.test.context.event.EventPublishingTestExecutionListener@50b0bc4c, org.springframework.boot.test.autoconfigure.restdocs.RestDocsTestExecutionListener@c20be82, org.springframework.boot.test.autoconfigure.web.client.MockRestServiceServerResetTestExecutionListener@13c612bd, org.springframework.boot.test.autoconfigure.web.servlet.MockMvcPrintOnlyOnFailureTestExecutionListener@3ef41c66, org.springframework.boot.test.autoconfigure.web.servlet.WebDriverTestExecutionListener@6b739528, org.springframework.boot.test.autoconfigure.webservices.client.MockWebServiceServerTestExecutionListener@622ef26a, org.springframework.boot.test.mock.mockito.ResetMocksTestExecutionListener@41de5768]
630  [Test worker] INFO  p.S.I.PostOfficeServiceTest – Starting PostOfficeServiceTest using Java 17.0.1 on DESKTOP-2M64KGF with PID 8300 (started by Nekit in C:\Users\Nekit\IdeaProjects\pr16)
630  [Test worker] INFO  p.S.I.PostOfficeServiceTest – No active profile set, falling back to 1 default profile: "default"
644  [background-preinit] INFO  o.h.validator.internal.util.Version – HV000001: Hibernate Validator 6.2.2.Final
1457 [Test worker] INFO  o.s.d.r.c.RepositoryConfigurationDelegate – Bootstrapping Spring Data JPA repositories in DEFAULT mode.
1512 [Test worker] INFO  o.s.d.r.c.RepositoryConfigurationDelegate – Finished Spring Data repository scanning in 47 ms. Found 3 JPA repository interfaces.
2546 [Test worker] INFO  o.h.jpa.internal.util.LogHelper – HHH000204: Processing PersistenceUnitInfo [name: default]
2595 [Test worker] INFO  org.hibernate.Version – HHH000412: Hibernate ORM core version 5.6.5.Final
2749 [Test worker] INFO  o.h.annotations.common.Version – HCANN000001: Hibernate Commons Annotations {5.1.2.Final}
2839 [Test worker] INFO  com.zaxxer.hikari.HikariDataSource – HikariPool-1 - Starting...
2996 [Test worker] INFO  com.zaxxer.hikari.HikariDataSource – HikariPool-1 - Start completed.
3011 [Test worker] INFO  org.hibernate.dialect.Dialect – HHH000400: Using dialect: org.hibernate.dialect.PostgreSQLDialect
3660 [Test worker] INFO  o.h.e.t.j.p.i.JtaPlatformInitiator – HHH000490: Using JtaPlatform implementation: [org.hibernate.engine.transaction.jta.platform.internal.NoJtaPlatform]
3671 [Test worker] INFO  o.s.o.j.LocalContainerEntityManagerFactoryBean – Initialized JPA EntityManagerFactory for persistence unit 'default'
3928 [Test worker] WARN  o.s.b.a.o.j.JpaBaseConfiguration$JpaWebConfiguration – spring.jpa.open-in-view is enabled by default. Therefore, database queries may be performed during view rendering. Explicitly configure spring.jpa.open-in-view to disable this warning
5946 [Test worker] INFO  o.s.b.a.s.s.UserDetailsServiceAutoConfiguration – 

Using generated security password: e38721e7-60f0-4c0e-bbcd-a7c3d4500fa9

6217 [Test worker] INFO  o.s.s.w.DefaultSecurityFilterChain – Will not secure any request
6293 [Test worker] INFO  o.s.b.a.e.web.EndpointLinksResolver – Exposing 1 endpoint(s) beneath base path '/actuator'
6401 [Test worker] INFO  p.S.I.PostOfficeServiceTest – Started PostOfficeServiceTest in 5.982 seconds (JVM running for 7.33)
6796 [Test worker] DEBUG org.hibernate.SQL – select postoffice0_.id as id1_1_, postoffice0_.city_name as city_nam2_1_, postoffice0_.name as name3_1_ from jpa.post_office postoffice0_ where postoffice0_.city_name=?
6819 [Test worker] DEBUG org.hibernate.SQL – select postoffice0_.id as id1_1_, postoffice0_.city_name as city_nam2_1_, postoffice0_.name as name3_1_ from jpa.post_office postoffice0_ where postoffice0_.city_name=?
6835 [Test worker] DEBUG org.hibernate.SQL – select postoffice0_.id as id1_1_0_, postoffice0_.city_name as city_nam2_1_0_, postoffice0_.name as name3_1_0_ from jpa.post_office postoffice0_ where postoffice0_.id=?
6853 [Test worker] DEBUG org.hibernate.SQL – select departures0_.postoffice_id as postoffi4_0_0_, departures0_.id as id1_0_0_, departures0_.id as id1_0_1_, departures0_.date as date2_0_1_, departures0_.postoffice_id as postoffi4_0_1_, departures0_.type as type3_0_1_ from jpa.departure departures0_ where departures0_.postoffice_id=?
6874 [Test worker] DEBUG org.hibernate.SQL – delete from jpa.post_office where id=?
6883 [Test worker] INFO  p.S.I.PostOfficeService – Post office removed successfully
8445 [Test worker] INFO  pr16.Aspect.Aspect – removePostOffice executed in 1769 ms
8479 [SpringApplicationShutdownHook] INFO  o.s.o.j.LocalContainerEntityManagerFactoryBean – Closing JPA EntityManagerFactory for persistence unit 'default'
8480 [SpringApplicationShutdownHook] INFO  com.zaxxer.hikari.HikariDataSource – HikariPool-1 - Shutdown initiated...
8486 [SpringApplicationShutdownHook] INFO  com.zaxxer.hikari.HikariDataSource – HikariPool-1 - Shutdown completed.
